2024-11-11 18:59:52,652 - WARNING - Unsupported file type: test/.DS_Store
2024-11-11 18:59:53,453 - ERROR - Image file not found: /Users/chadwalters/source/markdown_consolidator/test/20241104%20-%20Journal/5f95bba5f7ce54a86b1111e6046772992939f511.heic
2024-11-11 18:59:53,453 - ERROR - Image file not found: /Users/chadwalters/source/markdown_consolidator/test/20241104%20-%20Journal/f47a6a5cadefaf6568b922e040616d21f54b130f.heic
2024-11-11 19:04:10,448 - WARNING - Unsupported file type: test/.DS_Store
2024-11-11 19:04:11,355 - ERROR - Image file not found: /Users/chadwalters/source/markdown_consolidator/test/20241104%20-%20Journal/5f95bba5f7ce54a86b1111e6046772992939f511.heic
2024-11-11 19:04:11,355 - ERROR - Image file not found: /Users/chadwalters/source/markdown_consolidator/test/20241104%20-%20Journal/f47a6a5cadefaf6568b922e040616d21f54b130f.heic
2024-11-11 19:04:12,318 - INFO - Processed base64 image saved as _media/base64_image_297f7dac.jpg
2024-11-11 19:04:12,328 - INFO - Processed base64 image saved as _media/base64_image_3fcc26c8.jpg
2024-11-11 19:04:12,348 - INFO - Processed base64 image saved as _media/base64_image_21852c05.jpg
2024-11-11 19:04:12,365 - INFO - Processed base64 image saved as _media/base64_image_9e47d43a.jpg
2024-11-11 19:04:12,371 - INFO - Processed base64 image saved as _media/base64_image_8ab9ad18.jpg
2024-11-11 19:04:12,393 - INFO - Processed base64 image saved as _media/base64_image_01f21341.jpg
2024-11-11 19:04:12,407 - INFO - Processed base64 image saved as _media/base64_image_ba7af890.jpg
2024-11-11 19:04:12,460 - INFO - Processed base64 image saved as _media/base64_image_b744c02d.jpg
2024-11-11 19:04:12,471 - INFO - Processed base64 image saved as _media/base64_image_0a493144.jpg
2024-11-11 19:04:12,507 - INFO - Processed base64 image saved as _media/base64_image_7424c817.jpg
2024-11-11 19:04:12,521 - INFO - Processed base64 image saved as _media/base64_image_b79c98ad.jpg
2024-11-11 19:04:12,527 - INFO - Processed base64 image saved as _media/base64_image_5b36857f.jpg
2024-11-11 19:04:12,528 - INFO - Processed base64 image saved as _media/base64_image_997816b6.jpg
2024-11-11 19:04:12,545 - INFO - Processed base64 image saved as _media/base64_image_b79c98ad.jpg
2024-11-11 19:04:12,578 - INFO - Processed base64 image saved as _media/base64_image_364aaf1e.jpg
2024-11-11 19:04:45,145 - WARNING - Unsupported file type: test/.DS_Store
2024-11-11 19:04:45,952 - ERROR - Image file not found: /Users/chadwalters/source/markdown_consolidator/test/20241104%20-%20Journal/5f95bba5f7ce54a86b1111e6046772992939f511.heic
2024-11-11 19:04:45,952 - ERROR - Image file not found: /Users/chadwalters/source/markdown_consolidator/test/20241104%20-%20Journal/f47a6a5cadefaf6568b922e040616d21f54b130f.heic
2024-11-11 19:04:46,818 - INFO - Processed base64 image saved as _media/base64_image_3fcc26c8.jpg
2024-11-11 19:04:46,818 - INFO - Processed base64 image saved as _media/base64_image_21852c05.jpg
2024-11-11 19:04:46,887 - INFO - Processed base64 image saved as _media/base64_image_297f7dac.jpg
2024-11-11 19:04:46,889 - INFO - Processed base64 image saved as _media/base64_image_ba7af890.jpg
2024-11-11 19:04:46,891 - INFO - Processed base64 image saved as _media/base64_image_8ab9ad18.jpg
2024-11-11 19:04:46,894 - INFO - Processed base64 image saved as _media/base64_image_9e47d43a.jpg
2024-11-11 19:04:46,939 - INFO - Processed base64 image saved as _media/base64_image_01f21341.jpg
2024-11-11 19:04:47,021 - INFO - Processed base64 image saved as _media/base64_image_7424c817.jpg
2024-11-11 19:04:47,023 - INFO - Processed base64 image saved as _media/base64_image_b744c02d.jpg
2024-11-11 19:04:47,051 - INFO - Processed base64 image saved as _media/base64_image_0a493144.jpg
2024-11-11 19:04:47,063 - INFO - Processed base64 image saved as _media/base64_image_b79c98ad.jpg
2024-11-11 19:04:47,063 - INFO - Processed base64 image saved as _media/base64_image_b79c98ad.jpg
2024-11-11 19:04:47,071 - INFO - Processed base64 image saved as _media/base64_image_5b36857f.jpg
2024-11-11 19:04:47,124 - INFO - Processed base64 image saved as _media/base64_image_364aaf1e.jpg
2024-11-11 19:04:47,145 - INFO - Processed base64 image saved as _media/base64_image_997816b6.jpg
2024-11-11 19:04:47,372 - INFO - Successfully wrote consolidated file to output.md
2024-11-11 19:16:30,764 - WARNING - Unsupported file type: /Users/chadwalters/Library/Mobile Documents/com~apple~CloudDocs/_Nova Markdown/.DS_Store
2024-11-11 19:16:30,764 - WARNING - Unsupported file type: /Users/chadwalters/Library/Mobile Documents/com~apple~CloudDocs/_Nova Markdown/20241105 - Sergey Response.pdf
2024-11-11 19:16:31,558 - ERROR - Image file not found: /Users/chadwalters/Library/Mobile Documents/com~apple~CloudDocs/_Nova Markdown/20241104%20-%20Journal/5f95bba5f7ce54a86b1111e6046772992939f511.heic
2024-11-11 19:16:31,558 - ERROR - Image file not found: /Users/chadwalters/Library/Mobile Documents/com~apple~CloudDocs/_Nova Markdown/20241104%20-%20Journal/f47a6a5cadefaf6568b922e040616d21f54b130f.heic
2024-11-11 19:16:32,393 - INFO - Processed base64 image saved as _media/base64_image_297f7dac.jpg
2024-11-11 19:16:32,423 - INFO - Processed base64 image saved as _media/base64_image_21852c05.jpg
2024-11-11 19:16:32,428 - INFO - Processed base64 image saved as _media/base64_image_3fcc26c8.jpg
2024-11-11 19:16:32,453 - INFO - Processed base64 image saved as _media/base64_image_ba7af890.jpg
2024-11-11 19:16:32,477 - INFO - Processed base64 image saved as _media/base64_image_8ab9ad18.jpg
2024-11-11 19:16:32,524 - INFO - Processed base64 image saved as _media/base64_image_9e47d43a.jpg
2024-11-11 19:16:32,546 - INFO - Processed base64 image saved as _media/base64_image_01f21341.jpg
2024-11-11 19:16:32,551 - INFO - Processed base64 image saved as _media/base64_image_b744c02d.jpg
2024-11-11 19:16:32,577 - INFO - Processed base64 image saved as _media/base64_image_0a493144.jpg
2024-11-11 19:16:32,599 - INFO - Processed base64 image saved as _media/base64_image_b79c98ad.jpg
2024-11-11 19:16:32,601 - INFO - Processed base64 image saved as _media/base64_image_7424c817.jpg
2024-11-11 19:16:32,613 - INFO - Processed base64 image saved as _media/base64_image_b79c98ad.jpg
2024-11-11 19:16:32,636 - INFO - Processed base64 image saved as _media/base64_image_5b36857f.jpg
2024-11-11 19:16:32,664 - INFO - Processed base64 image saved as _media/base64_image_997816b6.jpg
2024-11-11 19:16:32,709 - INFO - Processed base64 image saved as _media/base64_image_364aaf1e.jpg
2024-11-11 19:16:32,872 - ERROR - Failed to write output file: [Errno 21] Is a directory: '/Users/chadwalters/Library/Mobile Documents/com~apple~CloudDocs/_Nova PDF'
2024-11-11 19:17:34,133 - WARNING - Unsupported file type: /Users/chadwalters/Library/Mobile Documents/com~apple~CloudDocs/_Nova Markdown/.DS_Store
2024-11-11 19:17:34,133 - WARNING - Unsupported file type: /Users/chadwalters/Library/Mobile Documents/com~apple~CloudDocs/_Nova Markdown/20241105 - Sergey Response.pdf
2024-11-11 19:17:35,111 - ERROR - Image file not found: /Users/chadwalters/Library/Mobile Documents/com~apple~CloudDocs/_Nova Markdown/20241104%20-%20Journal/5f95bba5f7ce54a86b1111e6046772992939f511.heic
2024-11-11 19:17:35,111 - ERROR - Image file not found: /Users/chadwalters/Library/Mobile Documents/com~apple~CloudDocs/_Nova Markdown/20241104%20-%20Journal/f47a6a5cadefaf6568b922e040616d21f54b130f.heic
2024-11-11 19:17:35,993 - INFO - Processed base64 image saved as _media/base64_image_297f7dac.jpg
2024-11-11 19:17:35,998 - INFO - Processed base64 image saved as _media/base64_image_3fcc26c8.jpg
2024-11-11 19:17:36,003 - INFO - Processed base64 image saved as _media/base64_image_9e47d43a.jpg
2024-11-11 19:17:36,012 - INFO - Processed base64 image saved as _media/base64_image_8ab9ad18.jpg
2024-11-11 19:17:36,015 - INFO - Processed base64 image saved as _media/base64_image_ba7af890.jpg
2024-11-11 19:17:36,017 - INFO - Processed base64 image saved as _media/base64_image_21852c05.jpg
2024-11-11 19:17:36,080 - INFO - Processed base64 image saved as _media/base64_image_01f21341.jpg
2024-11-11 19:17:36,142 - INFO - Processed base64 image saved as _media/base64_image_7424c817.jpg
2024-11-11 19:17:36,153 - INFO - Processed base64 image saved as _media/base64_image_0a493144.jpg
2024-11-11 19:17:36,158 - INFO - Processed base64 image saved as _media/base64_image_b744c02d.jpg
2024-11-11 19:17:36,166 - INFO - Processed base64 image saved as _media/base64_image_b79c98ad.jpg
2024-11-11 19:17:36,175 - INFO - Processed base64 image saved as _media/base64_image_b79c98ad.jpg
2024-11-11 19:17:36,204 - INFO - Processed base64 image saved as _media/base64_image_5b36857f.jpg
2024-11-11 19:17:36,228 - INFO - Processed base64 image saved as _media/base64_image_997816b6.jpg
2024-11-11 19:17:36,297 - INFO - Processed base64 image saved as _media/base64_image_364aaf1e.jpg
2024-11-11 19:17:36,458 - ERROR - Failed to write output file: [Errno 21] Is a directory: '/Users/chadwalters/Library/Mobile Documents/com~apple~CloudDocs/_Nova'
2024-11-11 19:18:09,189 - WARNING - Unsupported file type: /Users/chadwalters/Library/Mobile Documents/com~apple~CloudDocs/_Nova Markdown/.DS_Store
2024-11-11 19:18:09,189 - WARNING - Unsupported file type: /Users/chadwalters/Library/Mobile Documents/com~apple~CloudDocs/_Nova Markdown/20241105 - Sergey Response.pdf
2024-11-11 19:18:10,059 - ERROR - Image file not found: /Users/chadwalters/Library/Mobile Documents/com~apple~CloudDocs/_Nova Markdown/20241104%20-%20Journal/5f95bba5f7ce54a86b1111e6046772992939f511.heic
2024-11-11 19:18:10,059 - ERROR - Image file not found: /Users/chadwalters/Library/Mobile Documents/com~apple~CloudDocs/_Nova Markdown/20241104%20-%20Journal/f47a6a5cadefaf6568b922e040616d21f54b130f.heic
2024-11-11 19:18:10,879 - INFO - Processed base64 image saved as _media/base64_image_297f7dac.jpg
2024-11-11 19:18:10,913 - INFO - Processed base64 image saved as _media/base64_image_3fcc26c8.jpg
2024-11-11 19:18:10,925 - INFO - Processed base64 image saved as _media/base64_image_21852c05.jpg
2024-11-11 19:18:10,938 - INFO - Processed base64 image saved as _media/base64_image_9e47d43a.jpg
2024-11-11 19:18:10,958 - INFO - Processed base64 image saved as _media/base64_image_8ab9ad18.jpg
2024-11-11 19:18:10,989 - INFO - Processed base64 image saved as _media/base64_image_ba7af890.jpg
2024-11-11 19:18:11,020 - INFO - Processed base64 image saved as _media/base64_image_01f21341.jpg
2024-11-11 19:18:11,046 - INFO - Processed base64 image saved as _media/base64_image_b744c02d.jpg
2024-11-11 19:18:11,071 - INFO - Processed base64 image saved as _media/base64_image_0a493144.jpg
2024-11-11 19:18:11,081 - INFO - Processed base64 image saved as _media/base64_image_b79c98ad.jpg
2024-11-11 19:18:11,083 - INFO - Processed base64 image saved as _media/base64_image_7424c817.jpg
2024-11-11 19:18:11,084 - INFO - Processed base64 image saved as _media/base64_image_b79c98ad.jpg
2024-11-11 19:18:11,124 - INFO - Processed base64 image saved as _media/base64_image_997816b6.jpg
2024-11-11 19:18:11,129 - INFO - Processed base64 image saved as _media/base64_image_5b36857f.jpg
2024-11-11 19:18:11,187 - INFO - Processed base64 image saved as _media/base64_image_364aaf1e.jpg
2024-11-11 19:18:11,354 - INFO - Successfully wrote consolidated file to /Users/chadwalters/Library/Mobile Documents/com~apple~CloudDocs/_Nova/output.md
2024-11-11 19:19:36,066 - WARNING - Unsupported file type: /Users/chadwalters/Library/Mobile Documents/com~apple~CloudDocs/_Nova Markdown/.DS_Store
2024-11-11 19:19:36,066 - WARNING - Unsupported file type: /Users/chadwalters/Library/Mobile Documents/com~apple~CloudDocs/_Nova Markdown/20241105 - Sergey Response.pdf
2024-11-11 19:19:36,909 - ERROR - Image file not found: /Users/chadwalters/Library/Mobile Documents/com~apple~CloudDocs/_Nova Markdown/20241104%20-%20Journal/5f95bba5f7ce54a86b1111e6046772992939f511.heic
2024-11-11 19:19:36,909 - ERROR - Image file not found: /Users/chadwalters/Library/Mobile Documents/com~apple~CloudDocs/_Nova Markdown/20241104%20-%20Journal/f47a6a5cadefaf6568b922e040616d21f54b130f.heic
2024-11-11 19:19:37,718 - INFO - Processed base64 image saved as _media/base64_image_21852c05.jpg
2024-11-11 19:19:37,757 - INFO - Processed base64 image saved as _media/base64_image_9e47d43a.jpg
2024-11-11 19:19:37,764 - INFO - Processed base64 image saved as _media/base64_image_8ab9ad18.jpg
2024-11-11 19:19:37,770 - INFO - Processed base64 image saved as _media/base64_image_297f7dac.jpg
2024-11-11 19:19:37,771 - INFO - Processed base64 image saved as _media/base64_image_3fcc26c8.jpg
2024-11-11 19:19:37,846 - INFO - Processed base64 image saved as _media/base64_image_ba7af890.jpg
2024-11-11 19:19:37,915 - INFO - Processed base64 image saved as _media/base64_image_01f21341.jpg
2024-11-11 19:19:37,919 - INFO - Processed base64 image saved as _media/base64_image_b744c02d.jpg
2024-11-11 19:19:37,953 - INFO - Processed base64 image saved as _media/base64_image_b79c98ad.jpg
2024-11-11 19:19:37,966 - INFO - Processed base64 image saved as _media/base64_image_7424c817.jpg
2024-11-11 19:19:37,972 - INFO - Processed base64 image saved as _media/base64_image_b79c98ad.jpg
2024-11-11 19:19:37,977 - INFO - Processed base64 image saved as _media/base64_image_0a493144.jpg
2024-11-11 19:19:38,032 - INFO - Processed base64 image saved as _media/base64_image_997816b6.jpg
2024-11-11 19:19:38,075 - INFO - Processed base64 image saved as _media/base64_image_5b36857f.jpg
2024-11-11 19:19:38,079 - INFO - Processed base64 image saved as _media/base64_image_364aaf1e.jpg
2024-11-11 19:19:38,243 - INFO - Successfully wrote consolidated file to /Users/chadwalters/Library/Mobile Documents/com~apple~CloudDocs/_Nova/output.md
2024-11-12 09:06:53,715 - WARNING - Unsupported file type: /Users/chadwalters/Library/Mobile Documents/com~apple~CloudDocs/_Nova Markdown/.DS_Store
2024-11-12 09:06:53,716 - WARNING - Unsupported file type: /Users/chadwalters/Library/Mobile Documents/com~apple~CloudDocs/_Nova Markdown/20241105 - Sergey Response.pdf
2024-11-12 09:06:54,565 - ERROR - Image file not found: /Users/chadwalters/Library/Mobile Documents/com~apple~CloudDocs/_Nova Markdown/20241104%20-%20Journal/5f95bba5f7ce54a86b1111e6046772992939f511.heic
2024-11-12 09:06:54,565 - ERROR - Image file not found: /Users/chadwalters/Library/Mobile Documents/com~apple~CloudDocs/_Nova Markdown/20241104%20-%20Journal/f47a6a5cadefaf6568b922e040616d21f54b130f.heic
2024-11-12 09:06:55,406 - ERROR - Error processing base64 image: name 'MEDIA_DIR' is not defined
2024-11-12 09:06:55,407 - ERROR - Error processing base64 image: name 'MEDIA_DIR' is not defined
2024-11-12 09:06:55,408 - ERROR - Error processing base64 image: name 'MEDIA_DIR' is not defined
2024-11-12 09:06:55,411 - ERROR - Error processing base64 image: name 'MEDIA_DIR' is not defined
2024-11-12 09:06:55,411 - ERROR - Error processing base64 image: name 'MEDIA_DIR' is not defined
2024-11-12 09:06:55,414 - ERROR - Error processing base64 image: name 'MEDIA_DIR' is not defined
2024-11-12 09:06:55,415 - ERROR - Error processing base64 image: name 'MEDIA_DIR' is not defined
2024-11-12 09:06:55,419 - ERROR - Error processing base64 image: name 'MEDIA_DIR' is not defined
2024-11-12 09:06:55,424 - ERROR - Error processing base64 image: name 'MEDIA_DIR' is not defined
2024-11-12 09:06:55,431 - ERROR - Error processing base64 image: name 'MEDIA_DIR' is not defined
2024-11-12 09:06:55,434 - ERROR - Error processing base64 image: name 'MEDIA_DIR' is not defined
2024-11-12 09:06:55,435 - ERROR - Error processing base64 image: name 'MEDIA_DIR' is not defined
2024-11-12 09:06:55,437 - ERROR - Error processing base64 image: name 'MEDIA_DIR' is not defined
2024-11-12 09:06:55,439 - ERROR - Error processing base64 image: name 'MEDIA_DIR' is not defined
2024-11-12 09:06:55,443 - ERROR - Error processing base64 image: name 'MEDIA_DIR' is not defined
2024-11-12 09:06:55,612 - INFO - Successfully wrote consolidated file to /Users/chadwalters/Library/Mobile Documents/com~apple~CloudDocs/_Nova/output.md
2024-11-12 09:08:01,671 - WARNING - Unsupported file type: /Users/chadwalters/Library/Mobile Documents/com~apple~CloudDocs/_Nova Markdown/.DS_Store
2024-11-12 09:08:01,672 - WARNING - Unsupported file type: /Users/chadwalters/Library/Mobile Documents/com~apple~CloudDocs/_Nova Markdown/20241105 - Sergey Response.pdf
2024-11-12 09:08:02,640 - ERROR - Image file not found: /Users/chadwalters/Library/Mobile Documents/com~apple~CloudDocs/_Nova Markdown/20241104%20-%20Journal/5f95bba5f7ce54a86b1111e6046772992939f511.heic
2024-11-12 09:08:02,640 - ERROR - Image file not found: /Users/chadwalters/Library/Mobile Documents/com~apple~CloudDocs/_Nova Markdown/20241104%20-%20Journal/f47a6a5cadefaf6568b922e040616d21f54b130f.heic
2024-11-12 09:08:03,457 - ERROR - Error processing base64 image: name 'MEDIA_DIR' is not defined
2024-11-12 09:08:03,459 - ERROR - Error processing base64 image: name 'MEDIA_DIR' is not defined
2024-11-12 09:08:03,461 - ERROR - Error processing base64 image: name 'MEDIA_DIR' is not defined
2024-11-12 09:08:03,462 - ERROR - Error processing base64 image: name 'MEDIA_DIR' is not defined
2024-11-12 09:08:03,464 - ERROR - Error processing base64 image: name 'MEDIA_DIR' is not defined
2024-11-12 09:08:03,471 - ERROR - Error processing base64 image: name 'MEDIA_DIR' is not defined
2024-11-12 09:08:03,475 - ERROR - Error processing base64 image: name 'MEDIA_DIR' is not defined
2024-11-12 09:08:03,484 - ERROR - Error processing base64 image: name 'MEDIA_DIR' is not defined
2024-11-12 09:08:03,521 - ERROR - Error processing base64 image: name 'MEDIA_DIR' is not defined
2024-11-12 09:08:03,553 - ERROR - Error processing base64 image: name 'MEDIA_DIR' is not defined
2024-11-12 09:08:03,576 - ERROR - Error processing base64 image: name 'MEDIA_DIR' is not defined
2024-11-12 09:08:03,582 - ERROR - Error processing base64 image: name 'MEDIA_DIR' is not defined
2024-11-12 09:08:03,584 - ERROR - Error processing base64 image: name 'MEDIA_DIR' is not defined
2024-11-12 09:08:03,585 - ERROR - Error processing base64 image: name 'MEDIA_DIR' is not defined
2024-11-12 09:08:03,585 - ERROR - Error processing base64 image: name 'MEDIA_DIR' is not defined
2024-11-12 09:08:03,775 - INFO - Successfully wrote consolidated file to /Users/chadwalters/Library/Mobile Documents/com~apple~CloudDocs/_Nova/output.md
2024-11-12 09:10:38,864 - WARNING - Unsupported file type: /Users/chadwalters/Library/Mobile Documents/com~apple~CloudDocs/_Nova Markdown/.DS_Store
2024-11-12 09:10:38,866 - WARNING - Unsupported file type: /Users/chadwalters/Library/Mobile Documents/com~apple~CloudDocs/_Nova Markdown/20241105 - Sergey Response.pdf
2024-11-12 09:10:39,816 - ERROR - Image file not found: /Users/chadwalters/Library/Mobile Documents/com~apple~CloudDocs/_Nova Markdown/20241104%20-%20Journal/5f95bba5f7ce54a86b1111e6046772992939f511.heic
2024-11-12 09:10:39,816 - ERROR - Image file not found: /Users/chadwalters/Library/Mobile Documents/com~apple~CloudDocs/_Nova Markdown/20241104%20-%20Journal/f47a6a5cadefaf6568b922e040616d21f54b130f.heic
2024-11-12 09:10:40,426 - ERROR - Error processing base64 image: name 'MEDIA_DIR' is not defined
2024-11-12 09:10:40,428 - ERROR - Error processing base64 image: name 'MEDIA_DIR' is not defined
2024-11-12 09:10:40,429 - ERROR - Error processing base64 image: name 'MEDIA_DIR' is not defined
2024-11-12 09:10:40,431 - ERROR - Error processing base64 image: name 'MEDIA_DIR' is not defined
2024-11-12 09:10:40,431 - ERROR - Error processing base64 image: name 'MEDIA_DIR' is not defined
2024-11-12 09:10:40,434 - ERROR - Error processing base64 image: name 'MEDIA_DIR' is not defined
2024-11-12 09:10:40,435 - ERROR - Error processing base64 image: name 'MEDIA_DIR' is not defined
2024-11-12 09:10:40,440 - ERROR - Error processing base64 image: name 'MEDIA_DIR' is not defined
2024-11-12 09:10:40,444 - ERROR - Error processing base64 image: name 'MEDIA_DIR' is not defined
2024-11-12 09:10:40,448 - ERROR - Error processing base64 image: name 'MEDIA_DIR' is not defined
2024-11-12 09:10:40,450 - ERROR - Error processing base64 image: name 'MEDIA_DIR' is not defined
2024-11-12 09:10:40,484 - ERROR - Error processing base64 image: name 'MEDIA_DIR' is not defined
2024-11-12 09:10:40,493 - ERROR - Error processing base64 image: name 'MEDIA_DIR' is not defined
2024-11-12 09:10:40,507 - ERROR - Error processing base64 image: name 'MEDIA_DIR' is not defined
2024-11-12 09:10:40,551 - ERROR - Error processing base64 image: name 'MEDIA_DIR' is not defined
2024-11-12 09:10:40,707 - INFO - Successfully wrote consolidated file to /Users/chadwalters/Library/Mobile Documents/com~apple~CloudDocs/_Nova/output.md
2024-11-12 09:13:56,035 - WARNING - Unsupported file type: /Users/chadwalters/Library/Mobile Documents/com~apple~CloudDocs/_Nova Markdown/.DS_Store
2024-11-12 09:13:56,036 - WARNING - Unsupported file type: /Users/chadwalters/Library/Mobile Documents/com~apple~CloudDocs/_Nova Markdown/20241105 - Sergey Response.pdf
2024-11-12 09:13:57,213 - ERROR - Image file not found: /Users/chadwalters/Library/Mobile Documents/com~apple~CloudDocs/_Nova Markdown/20241104%20-%20Journal/5f95bba5f7ce54a86b1111e6046772992939f511.heic
2024-11-12 09:13:57,213 - ERROR - Image file not found: /Users/chadwalters/Library/Mobile Documents/com~apple~CloudDocs/_Nova Markdown/20241104%20-%20Journal/f47a6a5cadefaf6568b922e040616d21f54b130f.heic
2024-11-12 09:13:58,498 - INFO - Processed base64 image saved as /Users/chadwalters/Library/Mobile Documents/com~apple~CloudDocs/_Nova/_media/base64_image_21852c05.jpg
2024-11-12 09:13:58,531 - INFO - Processed base64 image saved as /Users/chadwalters/Library/Mobile Documents/com~apple~CloudDocs/_Nova/_media/base64_image_3fcc26c8.jpg
2024-11-12 09:13:58,687 - INFO - Processed base64 image saved as /Users/chadwalters/Library/Mobile Documents/com~apple~CloudDocs/_Nova/_media/base64_image_297f7dac.jpg
2024-11-12 09:13:58,706 - INFO - Processed base64 image saved as /Users/chadwalters/Library/Mobile Documents/com~apple~CloudDocs/_Nova/_media/base64_image_9e47d43a.jpg
2024-11-12 09:13:58,835 - INFO - Processed base64 image saved as /Users/chadwalters/Library/Mobile Documents/com~apple~CloudDocs/_Nova/_media/base64_image_ba7af890.jpg
2024-11-12 09:13:58,860 - INFO - Processed base64 image saved as /Users/chadwalters/Library/Mobile Documents/com~apple~CloudDocs/_Nova/_media/base64_image_8ab9ad18.jpg
2024-11-12 09:13:58,898 - INFO - Processed base64 image saved as /Users/chadwalters/Library/Mobile Documents/com~apple~CloudDocs/_Nova/_media/base64_image_01f21341.jpg
2024-11-12 09:13:59,831 - INFO - Processed base64 image saved as /Users/chadwalters/Library/Mobile Documents/com~apple~CloudDocs/_Nova/_media/base64_image_7424c817.jpg
2024-11-12 09:13:59,905 - INFO - Processed base64 image saved as /Users/chadwalters/Library/Mobile Documents/com~apple~CloudDocs/_Nova/_media/base64_image_b79c98ad.jpg
2024-11-12 09:13:59,908 - INFO - Processed base64 image saved as /Users/chadwalters/Library/Mobile Documents/com~apple~CloudDocs/_Nova/_media/base64_image_0a493144.jpg
2024-11-12 09:13:59,913 - INFO - Processed base64 image saved as /Users/chadwalters/Library/Mobile Documents/com~apple~CloudDocs/_Nova/_media/base64_image_b744c02d.jpg
2024-11-12 09:14:00,014 - INFO - Processed base64 image saved as /Users/chadwalters/Library/Mobile Documents/com~apple~CloudDocs/_Nova/_media/base64_image_b79c98ad.jpg
2024-11-12 09:14:00,132 - INFO - Processed base64 image saved as /Users/chadwalters/Library/Mobile Documents/com~apple~CloudDocs/_Nova/_media/base64_image_5b36857f.jpg
2024-11-12 09:14:00,145 - INFO - Processed base64 image saved as /Users/chadwalters/Library/Mobile Documents/com~apple~CloudDocs/_Nova/_media/base64_image_997816b6.jpg
2024-11-12 09:14:00,182 - INFO - Processed base64 image saved as /Users/chadwalters/Library/Mobile Documents/com~apple~CloudDocs/_Nova/_media/base64_image_364aaf1e.jpg
2024-11-12 09:14:00,414 - INFO - Successfully wrote consolidated file to /Users/chadwalters/Library/Mobile Documents/com~apple~CloudDocs/_Nova/output.md
2024-11-12 09:37:07,188 - WARNING - Unsupported file type: /Users/chadwalters/Library/Mobile Documents/com~apple~CloudDocs/_Nova Individual Markdown/.DS_Store
2024-11-12 09:37:07,189 - WARNING - Unsupported file type: /Users/chadwalters/Library/Mobile Documents/com~apple~CloudDocs/_Nova Individual Markdown/20241105 - Sergey Response.pdf
2024-11-12 09:37:08,063 - ERROR - Image file not found: /Users/chadwalters/Library/Mobile Documents/com~apple~CloudDocs/_Nova Individual Markdown/20241104%20-%20Journal/5f95bba5f7ce54a86b1111e6046772992939f511.heic
2024-11-12 09:37:08,063 - ERROR - Image file not found: /Users/chadwalters/Library/Mobile Documents/com~apple~CloudDocs/_Nova Individual Markdown/20241104%20-%20Journal/f47a6a5cadefaf6568b922e040616d21f54b130f.heic
2024-11-12 09:37:09,078 - INFO - Processed base64 image saved as /Users/chadwalters/Library/Mobile Documents/com~apple~CloudDocs/_media/base64_image_9e47d43a.jpg
2024-11-12 09:37:09,081 - INFO - Processed base64 image saved as /Users/chadwalters/Library/Mobile Documents/com~apple~CloudDocs/_media/base64_image_297f7dac.jpg
2024-11-12 09:37:09,088 - INFO - Processed base64 image saved as /Users/chadwalters/Library/Mobile Documents/com~apple~CloudDocs/_media/base64_image_3fcc26c8.jpg
2024-11-12 09:37:09,166 - INFO - Processed base64 image saved as /Users/chadwalters/Library/Mobile Documents/com~apple~CloudDocs/_media/base64_image_21852c05.jpg
2024-11-12 09:37:09,169 - INFO - Processed base64 image saved as /Users/chadwalters/Library/Mobile Documents/com~apple~CloudDocs/_media/base64_image_ba7af890.jpg
2024-11-12 09:37:09,184 - INFO - Processed base64 image saved as /Users/chadwalters/Library/Mobile Documents/com~apple~CloudDocs/_media/base64_image_01f21341.jpg
2024-11-12 09:37:09,185 - INFO - Processed base64 image saved as /Users/chadwalters/Library/Mobile Documents/com~apple~CloudDocs/_media/base64_image_8ab9ad18.jpg
2024-11-12 09:37:09,284 - INFO - Processed base64 image saved as /Users/chadwalters/Library/Mobile Documents/com~apple~CloudDocs/_media/base64_image_b744c02d.jpg
2024-11-12 09:37:09,340 - INFO - Processed base64 image saved as /Users/chadwalters/Library/Mobile Documents/com~apple~CloudDocs/_media/base64_image_b79c98ad.jpg
2024-11-12 09:37:09,355 - INFO - Processed base64 image saved as /Users/chadwalters/Library/Mobile Documents/com~apple~CloudDocs/_media/base64_image_0a493144.jpg
2024-11-12 09:37:09,360 - INFO - Processed base64 image saved as /Users/chadwalters/Library/Mobile Documents/com~apple~CloudDocs/_media/base64_image_7424c817.jpg
2024-11-12 09:37:09,396 - INFO - Processed base64 image saved as /Users/chadwalters/Library/Mobile Documents/com~apple~CloudDocs/_media/base64_image_b79c98ad.jpg
2024-11-12 09:37:09,425 - INFO - Processed base64 image saved as /Users/chadwalters/Library/Mobile Documents/com~apple~CloudDocs/_media/base64_image_997816b6.jpg
2024-11-12 09:37:09,427 - INFO - Processed base64 image saved as /Users/chadwalters/Library/Mobile Documents/com~apple~CloudDocs/_media/base64_image_5b36857f.jpg
2024-11-12 09:37:09,463 - INFO - Processed base64 image saved as /Users/chadwalters/Library/Mobile Documents/com~apple~CloudDocs/_media/base64_image_364aaf1e.jpg
2024-11-12 09:37:09,647 - ERROR - Failed to write output file: [Errno 21] Is a directory: '/Users/chadwalters/Library/Mobile Documents/com~apple~CloudDocs/_Nova Consolidated Markdown'
2024-11-12 09:38:03,771 - WARNING - Unsupported file type: /Users/chadwalters/Library/Mobile Documents/com~apple~CloudDocs/_NovaIndividualMarkdown/.DS_Store
2024-11-12 09:38:03,772 - WARNING - Unsupported file type: /Users/chadwalters/Library/Mobile Documents/com~apple~CloudDocs/_NovaIndividualMarkdown/20241105 - Sergey Response.pdf
2024-11-12 09:38:04,684 - ERROR - Image file not found: /Users/chadwalters/Library/Mobile Documents/com~apple~CloudDocs/_NovaIndividualMarkdown/20241104%20-%20Journal/5f95bba5f7ce54a86b1111e6046772992939f511.heic
2024-11-12 09:38:04,685 - ERROR - Image file not found: /Users/chadwalters/Library/Mobile Documents/com~apple~CloudDocs/_NovaIndividualMarkdown/20241104%20-%20Journal/f47a6a5cadefaf6568b922e040616d21f54b130f.heic
2024-11-12 09:38:05,664 - INFO - Processed base64 image saved as /Users/chadwalters/Library/Mobile Documents/com~apple~CloudDocs/_media/base64_image_21852c05.jpg
2024-11-12 09:38:05,678 - INFO - Processed base64 image saved as /Users/chadwalters/Library/Mobile Documents/com~apple~CloudDocs/_media/base64_image_297f7dac.jpg
2024-11-12 09:38:05,718 - INFO - Processed base64 image saved as /Users/chadwalters/Library/Mobile Documents/com~apple~CloudDocs/_media/base64_image_8ab9ad18.jpg
2024-11-12 09:38:05,750 - INFO - Processed base64 image saved as /Users/chadwalters/Library/Mobile Documents/com~apple~CloudDocs/_media/base64_image_3fcc26c8.jpg
2024-11-12 09:38:05,776 - INFO - Processed base64 image saved as /Users/chadwalters/Library/Mobile Documents/com~apple~CloudDocs/_media/base64_image_9e47d43a.jpg
2024-11-12 09:38:05,795 - INFO - Processed base64 image saved as /Users/chadwalters/Library/Mobile Documents/com~apple~CloudDocs/_media/base64_image_ba7af890.jpg
2024-11-12 09:38:05,836 - INFO - Processed base64 image saved as /Users/chadwalters/Library/Mobile Documents/com~apple~CloudDocs/_media/base64_image_01f21341.jpg
2024-11-12 09:38:05,857 - INFO - Processed base64 image saved as /Users/chadwalters/Library/Mobile Documents/com~apple~CloudDocs/_media/base64_image_b744c02d.jpg
2024-11-12 09:38:05,901 - INFO - Processed base64 image saved as /Users/chadwalters/Library/Mobile Documents/com~apple~CloudDocs/_media/base64_image_0a493144.jpg
2024-11-12 09:38:05,909 - INFO - Processed base64 image saved as /Users/chadwalters/Library/Mobile Documents/com~apple~CloudDocs/_media/base64_image_7424c817.jpg
2024-11-12 09:38:05,914 - INFO - Processed base64 image saved as /Users/chadwalters/Library/Mobile Documents/com~apple~CloudDocs/_media/base64_image_b79c98ad.jpg
2024-11-12 09:38:05,938 - INFO - Processed base64 image saved as /Users/chadwalters/Library/Mobile Documents/com~apple~CloudDocs/_media/base64_image_b79c98ad.jpg
2024-11-12 09:38:06,004 - INFO - Processed base64 image saved as /Users/chadwalters/Library/Mobile Documents/com~apple~CloudDocs/_media/base64_image_5b36857f.jpg
2024-11-12 09:38:06,007 - INFO - Processed base64 image saved as /Users/chadwalters/Library/Mobile Documents/com~apple~CloudDocs/_media/base64_image_997816b6.jpg
2024-11-12 09:38:06,029 - INFO - Processed base64 image saved as /Users/chadwalters/Library/Mobile Documents/com~apple~CloudDocs/_media/base64_image_364aaf1e.jpg
2024-11-12 09:38:06,200 - ERROR - Failed to write output file: [Errno 21] Is a directory: '/Users/chadwalters/Library/Mobile Documents/com~apple~CloudDocs/_NovaConsolidatedMarkdown'
2024-11-12 09:39:23,402 - WARNING - Unsupported file type: /Users/chadwalters/Library/Mobile Documents/com~apple~CloudDocs/_NovaIndividualMarkdown/.DS_Store
2024-11-12 09:39:23,403 - WARNING - Unsupported file type: /Users/chadwalters/Library/Mobile Documents/com~apple~CloudDocs/_NovaIndividualMarkdown/20241105 - Sergey Response.pdf
2024-11-12 09:39:24,366 - ERROR - Image file not found: /Users/chadwalters/Library/Mobile Documents/com~apple~CloudDocs/_NovaIndividualMarkdown/20241104%20-%20Journal/f47a6a5cadefaf6568b922e040616d21f54b130f.heic
2024-11-12 09:39:24,366 - ERROR - Image file not found: /Users/chadwalters/Library/Mobile Documents/com~apple~CloudDocs/_NovaIndividualMarkdown/20241104%20-%20Journal/5f95bba5f7ce54a86b1111e6046772992939f511.heic
2024-11-12 09:39:25,332 - INFO - Processed base64 image saved as /Users/chadwalters/Library/Mobile Documents/com~apple~CloudDocs/_NovaConsolidatedMarkdown/_media/base64_image_297f7dac.jpg
2024-11-12 09:39:25,334 - INFO - Processed base64 image saved as /Users/chadwalters/Library/Mobile Documents/com~apple~CloudDocs/_NovaConsolidatedMarkdown/_media/base64_image_3fcc26c8.jpg
2024-11-12 09:39:25,398 - INFO - Processed base64 image saved as /Users/chadwalters/Library/Mobile Documents/com~apple~CloudDocs/_NovaConsolidatedMarkdown/_media/base64_image_21852c05.jpg
2024-11-12 09:39:25,416 - INFO - Processed base64 image saved as /Users/chadwalters/Library/Mobile Documents/com~apple~CloudDocs/_NovaConsolidatedMarkdown/_media/base64_image_9e47d43a.jpg
2024-11-12 09:39:25,428 - INFO - Processed base64 image saved as /Users/chadwalters/Library/Mobile Documents/com~apple~CloudDocs/_NovaConsolidatedMarkdown/_media/base64_image_ba7af890.jpg
2024-11-12 09:39:25,445 - INFO - Processed base64 image saved as /Users/chadwalters/Library/Mobile Documents/com~apple~CloudDocs/_NovaConsolidatedMarkdown/_media/base64_image_8ab9ad18.jpg
2024-11-12 09:39:25,519 - INFO - Processed base64 image saved as /Users/chadwalters/Library/Mobile Documents/com~apple~CloudDocs/_NovaConsolidatedMarkdown/_media/base64_image_01f21341.jpg
2024-11-12 09:39:25,548 - INFO - Processed base64 image saved as /Users/chadwalters/Library/Mobile Documents/com~apple~CloudDocs/_NovaConsolidatedMarkdown/_media/base64_image_b744c02d.jpg
2024-11-12 09:39:25,554 - INFO - Processed base64 image saved as /Users/chadwalters/Library/Mobile Documents/com~apple~CloudDocs/_NovaConsolidatedMarkdown/_media/base64_image_0a493144.jpg
2024-11-12 09:39:25,575 - INFO - Processed base64 image saved as /Users/chadwalters/Library/Mobile Documents/com~apple~CloudDocs/_NovaConsolidatedMarkdown/_media/base64_image_7424c817.jpg
2024-11-12 09:39:25,594 - INFO - Processed base64 image saved as /Users/chadwalters/Library/Mobile Documents/com~apple~CloudDocs/_NovaConsolidatedMarkdown/_media/base64_image_b79c98ad.jpg
2024-11-12 09:39:25,595 - INFO - Processed base64 image saved as /Users/chadwalters/Library/Mobile Documents/com~apple~CloudDocs/_NovaConsolidatedMarkdown/_media/base64_image_b79c98ad.jpg
2024-11-12 09:39:25,633 - INFO - Processed base64 image saved as /Users/chadwalters/Library/Mobile Documents/com~apple~CloudDocs/_NovaConsolidatedMarkdown/_media/base64_image_5b36857f.jpg
2024-11-12 09:39:25,635 - INFO - Processed base64 image saved as /Users/chadwalters/Library/Mobile Documents/com~apple~CloudDocs/_NovaConsolidatedMarkdown/_media/base64_image_997816b6.jpg
2024-11-12 09:39:25,706 - INFO - Processed base64 image saved as /Users/chadwalters/Library/Mobile Documents/com~apple~CloudDocs/_NovaConsolidatedMarkdown/_media/base64_image_364aaf1e.jpg
2024-11-12 09:39:25,876 - INFO - Successfully wrote consolidated file to /Users/chadwalters/Library/Mobile Documents/com~apple~CloudDocs/_NovaConsolidatedMarkdown/output.md
2024-11-12 10:07:41,185 - WARNING - Unsupported file type: /Users/chadwalters/Library/Mobile Documents/com~apple~CloudDocs/_NovaIndividualMarkdown/.DS_Store
2024-11-12 10:07:41,186 - WARNING - Unsupported file type: /Users/chadwalters/Library/Mobile Documents/com~apple~CloudDocs/_NovaIndividualMarkdown/20241105 - Sergey Response.pdf
2024-11-12 10:07:42,226 - ERROR - Image file not found: /Users/chadwalters/Library/Mobile Documents/com~apple~CloudDocs/_NovaIndividualMarkdown/20241104%20-%20Journal/5f95bba5f7ce54a86b1111e6046772992939f511.heic
2024-11-12 10:07:42,227 - ERROR - Image file not found: /Users/chadwalters/Library/Mobile Documents/com~apple~CloudDocs/_NovaIndividualMarkdown/20241104%20-%20Journal/f47a6a5cadefaf6568b922e040616d21f54b130f.heic
2024-11-12 10:07:43,261 - INFO - Processed base64 image saved as /Users/chadwalters/Library/Mobile Documents/com~apple~CloudDocs/_NovaConsolidatedMarkdown/_media/base64_image_297f7dac.jpg
2024-11-12 10:07:43,293 - INFO - Processed base64 image saved as /Users/chadwalters/Library/Mobile Documents/com~apple~CloudDocs/_NovaConsolidatedMarkdown/_media/base64_image_3fcc26c8.jpg
2024-11-12 10:07:43,339 - INFO - Processed base64 image saved as /Users/chadwalters/Library/Mobile Documents/com~apple~CloudDocs/_NovaConsolidatedMarkdown/_media/base64_image_9e47d43a.jpg
2024-11-12 10:07:43,359 - INFO - Processed base64 image saved as /Users/chadwalters/Library/Mobile Documents/com~apple~CloudDocs/_NovaConsolidatedMarkdown/_media/base64_image_8ab9ad18.jpg
2024-11-12 10:07:43,359 - INFO - Processed base64 image saved as /Users/chadwalters/Library/Mobile Documents/com~apple~CloudDocs/_NovaConsolidatedMarkdown/_media/base64_image_21852c05.jpg
2024-11-12 10:07:43,382 - INFO - Processed base64 image saved as /Users/chadwalters/Library/Mobile Documents/com~apple~CloudDocs/_NovaConsolidatedMarkdown/_media/base64_image_ba7af890.jpg
2024-11-12 10:07:43,422 - INFO - Processed base64 image saved as /Users/chadwalters/Library/Mobile Documents/com~apple~CloudDocs/_NovaConsolidatedMarkdown/_media/base64_image_01f21341.jpg
2024-11-12 10:07:43,508 - INFO - Processed base64 image saved as /Users/chadwalters/Library/Mobile Documents/com~apple~CloudDocs/_NovaConsolidatedMarkdown/_media/base64_image_7424c817.jpg
2024-11-12 10:07:43,549 - INFO - Processed base64 image saved as /Users/chadwalters/Library/Mobile Documents/com~apple~CloudDocs/_NovaConsolidatedMarkdown/_media/base64_image_b744c02d.jpg
2024-11-12 10:07:43,566 - INFO - Processed base64 image saved as /Users/chadwalters/Library/Mobile Documents/com~apple~CloudDocs/_NovaConsolidatedMarkdown/_media/base64_image_b79c98ad.jpg
2024-11-12 10:07:43,572 - INFO - Processed base64 image saved as /Users/chadwalters/Library/Mobile Documents/com~apple~CloudDocs/_NovaConsolidatedMarkdown/_media/base64_image_0a493144.jpg
2024-11-12 10:07:43,579 - INFO - Processed base64 image saved as /Users/chadwalters/Library/Mobile Documents/com~apple~CloudDocs/_NovaConsolidatedMarkdown/_media/base64_image_b79c98ad.jpg
2024-11-12 10:07:43,628 - INFO - Processed base64 image saved as /Users/chadwalters/Library/Mobile Documents/com~apple~CloudDocs/_NovaConsolidatedMarkdown/_media/base64_image_997816b6.jpg
2024-11-12 10:07:43,645 - INFO - Processed base64 image saved as /Users/chadwalters/Library/Mobile Documents/com~apple~CloudDocs/_NovaConsolidatedMarkdown/_media/base64_image_5b36857f.jpg
2024-11-12 10:07:43,649 - INFO - Processed base64 image saved as /Users/chadwalters/Library/Mobile Documents/com~apple~CloudDocs/_NovaConsolidatedMarkdown/_media/base64_image_364aaf1e.jpg
2024-11-12 10:07:43,817 - INFO - Successfully wrote consolidated file to /Users/chadwalters/Library/Mobile Documents/com~apple~CloudDocs/_NovaConsolidatedMarkdown/output.md
2024-11-12 10:36:24,706 - WARNING - Unsupported file type: /Users/chadwalters/Library/Mobile Documents/com~apple~CloudDocs/_NovaIndividualMarkdown/.DS_Store
2024-11-12 10:36:24,707 - WARNING - Unsupported file type: /Users/chadwalters/Library/Mobile Documents/com~apple~CloudDocs/_NovaIndividualMarkdown/20241105 - Sergey Response.pdf
2024-11-12 10:36:25,750 - ERROR - Image file not found: /Users/chadwalters/Library/Mobile Documents/com~apple~CloudDocs/_NovaIndividualMarkdown/20241104%20-%20Journal/5f95bba5f7ce54a86b1111e6046772992939f511.heic
2024-11-12 10:36:25,750 - ERROR - Image file not found: /Users/chadwalters/Library/Mobile Documents/com~apple~CloudDocs/_NovaIndividualMarkdown/20241104%20-%20Journal/f47a6a5cadefaf6568b922e040616d21f54b130f.heic
2024-11-12 10:36:26,849 - INFO - Processed base64 image saved as /Users/chadwalters/Library/Mobile Documents/com~apple~CloudDocs/_NovaConsolidatedMarkdown/_media/base64_image_21852c05.jpg
2024-11-12 10:36:26,886 - INFO - Processed base64 image saved as /Users/chadwalters/Library/Mobile Documents/com~apple~CloudDocs/_NovaConsolidatedMarkdown/_media/base64_image_297f7dac.jpg
2024-11-12 10:36:26,892 - INFO - Processed base64 image saved as /Users/chadwalters/Library/Mobile Documents/com~apple~CloudDocs/_NovaConsolidatedMarkdown/_media/base64_image_3fcc26c8.jpg
2024-11-12 10:36:26,934 - INFO - Processed base64 image saved as /Users/chadwalters/Library/Mobile Documents/com~apple~CloudDocs/_NovaConsolidatedMarkdown/_media/base64_image_ba7af890.jpg
2024-11-12 10:36:26,960 - INFO - Processed base64 image saved as /Users/chadwalters/Library/Mobile Documents/com~apple~CloudDocs/_NovaConsolidatedMarkdown/_media/base64_image_9e47d43a.jpg
2024-11-12 10:36:26,961 - INFO - Processed base64 image saved as /Users/chadwalters/Library/Mobile Documents/com~apple~CloudDocs/_NovaConsolidatedMarkdown/_media/base64_image_8ab9ad18.jpg
2024-11-12 10:36:26,978 - INFO - Processed base64 image saved as /Users/chadwalters/Library/Mobile Documents/com~apple~CloudDocs/_NovaConsolidatedMarkdown/_media/base64_image_01f21341.jpg
2024-11-12 10:36:27,083 - INFO - Processed base64 image saved as /Users/chadwalters/Library/Mobile Documents/com~apple~CloudDocs/_NovaConsolidatedMarkdown/_media/base64_image_b744c02d.jpg
2024-11-12 10:36:27,093 - INFO - Processed base64 image saved as /Users/chadwalters/Library/Mobile Documents/com~apple~CloudDocs/_NovaConsolidatedMarkdown/_media/base64_image_0a493144.jpg
2024-11-12 10:36:27,141 - INFO - Processed base64 image saved as /Users/chadwalters/Library/Mobile Documents/com~apple~CloudDocs/_NovaConsolidatedMarkdown/_media/base64_image_b79c98ad.jpg
2024-11-12 10:36:27,154 - INFO - Processed base64 image saved as /Users/chadwalters/Library/Mobile Documents/com~apple~CloudDocs/_NovaConsolidatedMarkdown/_media/base64_image_7424c817.jpg
2024-11-12 10:36:27,161 - INFO - Processed base64 image saved as /Users/chadwalters/Library/Mobile Documents/com~apple~CloudDocs/_NovaConsolidatedMarkdown/_media/base64_image_b79c98ad.jpg
2024-11-12 10:36:27,196 - INFO - Processed base64 image saved as /Users/chadwalters/Library/Mobile Documents/com~apple~CloudDocs/_NovaConsolidatedMarkdown/_media/base64_image_997816b6.jpg
2024-11-12 10:36:27,197 - INFO - Processed base64 image saved as /Users/chadwalters/Library/Mobile Documents/com~apple~CloudDocs/_NovaConsolidatedMarkdown/_media/base64_image_5b36857f.jpg
2024-11-12 10:36:27,218 - INFO - Processed base64 image saved as /Users/chadwalters/Library/Mobile Documents/com~apple~CloudDocs/_NovaConsolidatedMarkdown/_media/base64_image_364aaf1e.jpg
2024-11-12 10:36:27,479 - INFO - Successfully wrote consolidated file to /Users/chadwalters/Library/Mobile Documents/com~apple~CloudDocs/_NovaConsolidatedMarkdown/output.md
2024-11-12 10:39:05,280 - WARNING - Unsupported file type: /Users/chadwalters/Library/Mobile Documents/com~apple~CloudDocs/_NovaIndividualMarkdown/.DS_Store
2024-11-12 10:39:05,281 - WARNING - Unsupported file type: /Users/chadwalters/Library/Mobile Documents/com~apple~CloudDocs/_NovaIndividualMarkdown/20241105 - Sergey Response.pdf
2024-11-12 10:39:06,225 - ERROR - Image file not found: /Users/chadwalters/Library/Mobile Documents/com~apple~CloudDocs/_NovaIndividualMarkdown/20241104%20-%20Journal/5f95bba5f7ce54a86b1111e6046772992939f511.heic
2024-11-12 10:39:06,226 - ERROR - Image file not found: /Users/chadwalters/Library/Mobile Documents/com~apple~CloudDocs/_NovaIndividualMarkdown/20241104%20-%20Journal/f47a6a5cadefaf6568b922e040616d21f54b130f.heic
2024-11-12 10:39:07,440 - INFO - Processed base64 image saved as /Users/chadwalters/Library/Mobile Documents/com~apple~CloudDocs/_NovaConsolidatedMarkdown/_media/base64_image_21852c05.jpg
2024-11-12 10:39:07,444 - INFO - Processed base64 image saved as /Users/chadwalters/Library/Mobile Documents/com~apple~CloudDocs/_NovaConsolidatedMarkdown/_media/base64_image_297f7dac.jpg
2024-11-12 10:39:07,447 - INFO - Processed base64 image saved as /Users/chadwalters/Library/Mobile Documents/com~apple~CloudDocs/_NovaConsolidatedMarkdown/_media/base64_image_3fcc26c8.jpg
2024-11-12 10:39:07,491 - INFO - Processed base64 image saved as /Users/chadwalters/Library/Mobile Documents/com~apple~CloudDocs/_NovaConsolidatedMarkdown/_media/base64_image_9e47d43a.jpg
2024-11-12 10:39:07,494 - INFO - Processed base64 image saved as /Users/chadwalters/Library/Mobile Documents/com~apple~CloudDocs/_NovaConsolidatedMarkdown/_media/base64_image_ba7af890.jpg
2024-11-12 10:39:07,518 - INFO - Processed base64 image saved as /Users/chadwalters/Library/Mobile Documents/com~apple~CloudDocs/_NovaConsolidatedMarkdown/_media/base64_image_8ab9ad18.jpg
2024-11-12 10:39:07,533 - INFO - Processed base64 image saved as /Users/chadwalters/Library/Mobile Documents/com~apple~CloudDocs/_NovaConsolidatedMarkdown/_media/base64_image_01f21341.jpg
2024-11-12 10:39:07,625 - INFO - Processed base64 image saved as /Users/chadwalters/Library/Mobile Documents/com~apple~CloudDocs/_NovaConsolidatedMarkdown/_media/base64_image_b744c02d.jpg
2024-11-12 10:39:07,632 - INFO - Processed base64 image saved as /Users/chadwalters/Library/Mobile Documents/com~apple~CloudDocs/_NovaConsolidatedMarkdown/_media/base64_image_0a493144.jpg
2024-11-12 10:39:07,648 - INFO - Processed base64 image saved as /Users/chadwalters/Library/Mobile Documents/com~apple~CloudDocs/_NovaConsolidatedMarkdown/_media/base64_image_7424c817.jpg
2024-11-12 10:39:07,659 - INFO - Processed base64 image saved as /Users/chadwalters/Library/Mobile Documents/com~apple~CloudDocs/_NovaConsolidatedMarkdown/_media/base64_image_b79c98ad.jpg
2024-11-12 10:39:07,670 - INFO - Processed base64 image saved as /Users/chadwalters/Library/Mobile Documents/com~apple~CloudDocs/_NovaConsolidatedMarkdown/_media/base64_image_b79c98ad.jpg
2024-11-12 10:39:07,715 - INFO - Processed base64 image saved as /Users/chadwalters/Library/Mobile Documents/com~apple~CloudDocs/_NovaConsolidatedMarkdown/_media/base64_image_997816b6.jpg
2024-11-12 10:39:07,719 - INFO - Processed base64 image saved as /Users/chadwalters/Library/Mobile Documents/com~apple~CloudDocs/_NovaConsolidatedMarkdown/_media/base64_image_5b36857f.jpg
2024-11-12 10:39:07,767 - INFO - Processed base64 image saved as /Users/chadwalters/Library/Mobile Documents/com~apple~CloudDocs/_NovaConsolidatedMarkdown/_media/base64_image_364aaf1e.jpg
2024-11-12 10:39:08,021 - INFO - Successfully wrote consolidated file to /Users/chadwalters/Library/Mobile Documents/com~apple~CloudDocs/_NovaConsolidatedMarkdown/output.md
2024-11-12 10:41:43,320 - WARNING - Unsupported file type: /Users/chadwalters/Library/Mobile Documents/com~apple~CloudDocs/_NovaIndividualMarkdown/.DS_Store
2024-11-12 10:41:43,321 - WARNING - Unsupported file type: /Users/chadwalters/Library/Mobile Documents/com~apple~CloudDocs/_NovaIndividualMarkdown/20241105 - Sergey Response.pdf
2024-11-12 10:41:44,373 - ERROR - Image file not found: /Users/chadwalters/Library/Mobile Documents/com~apple~CloudDocs/_NovaIndividualMarkdown/20241104%20-%20Journal/5f95bba5f7ce54a86b1111e6046772992939f511.heic
2024-11-12 10:41:44,373 - ERROR - Image file not found: /Users/chadwalters/Library/Mobile Documents/com~apple~CloudDocs/_NovaIndividualMarkdown/20241104%20-%20Journal/f47a6a5cadefaf6568b922e040616d21f54b130f.heic
2024-11-12 10:41:45,488 - INFO - Processed base64 image saved as /Users/chadwalters/Library/Mobile Documents/com~apple~CloudDocs/_NovaConsolidatedMarkdown/_media/base64_image_3fcc26c8.jpg
2024-11-12 10:41:45,524 - INFO - Processed base64 image saved as /Users/chadwalters/Library/Mobile Documents/com~apple~CloudDocs/_NovaConsolidatedMarkdown/_media/base64_image_297f7dac.jpg
2024-11-12 10:41:45,542 - INFO - Processed base64 image saved as /Users/chadwalters/Library/Mobile Documents/com~apple~CloudDocs/_NovaConsolidatedMarkdown/_media/base64_image_21852c05.jpg
2024-11-12 10:41:45,568 - INFO - Processed base64 image saved as /Users/chadwalters/Library/Mobile Documents/com~apple~CloudDocs/_NovaConsolidatedMarkdown/_media/base64_image_9e47d43a.jpg
2024-11-12 10:41:45,570 - INFO - Processed base64 image saved as /Users/chadwalters/Library/Mobile Documents/com~apple~CloudDocs/_NovaConsolidatedMarkdown/_media/base64_image_ba7af890.jpg
2024-11-12 10:41:45,601 - INFO - Processed base64 image saved as /Users/chadwalters/Library/Mobile Documents/com~apple~CloudDocs/_NovaConsolidatedMarkdown/_media/base64_image_8ab9ad18.jpg
2024-11-12 10:41:45,659 - INFO - Processed base64 image saved as /Users/chadwalters/Library/Mobile Documents/com~apple~CloudDocs/_NovaConsolidatedMarkdown/_media/base64_image_01f21341.jpg
2024-11-12 10:41:45,707 - INFO - Processed base64 image saved as /Users/chadwalters/Library/Mobile Documents/com~apple~CloudDocs/_NovaConsolidatedMarkdown/_media/base64_image_b744c02d.jpg
2024-11-12 10:41:45,720 - INFO - Processed base64 image saved as /Users/chadwalters/Library/Mobile Documents/com~apple~CloudDocs/_NovaConsolidatedMarkdown/_media/base64_image_7424c817.jpg
2024-11-12 10:41:45,726 - INFO - Processed base64 image saved as /Users/chadwalters/Library/Mobile Documents/com~apple~CloudDocs/_NovaConsolidatedMarkdown/_media/base64_image_0a493144.jpg
2024-11-12 10:41:45,734 - INFO - Processed base64 image saved as /Users/chadwalters/Library/Mobile Documents/com~apple~CloudDocs/_NovaConsolidatedMarkdown/_media/base64_image_b79c98ad.jpg
2024-11-12 10:41:45,757 - INFO - Processed base64 image saved as /Users/chadwalters/Library/Mobile Documents/com~apple~CloudDocs/_NovaConsolidatedMarkdown/_media/base64_image_b79c98ad.jpg
2024-11-12 10:41:45,782 - INFO - Processed base64 image saved as /Users/chadwalters/Library/Mobile Documents/com~apple~CloudDocs/_NovaConsolidatedMarkdown/_media/base64_image_997816b6.jpg
2024-11-12 10:41:45,788 - INFO - Processed base64 image saved as /Users/chadwalters/Library/Mobile Documents/com~apple~CloudDocs/_NovaConsolidatedMarkdown/_media/base64_image_5b36857f.jpg
2024-11-12 10:41:45,851 - INFO - Processed base64 image saved as /Users/chadwalters/Library/Mobile Documents/com~apple~CloudDocs/_NovaConsolidatedMarkdown/_media/base64_image_364aaf1e.jpg
2024-11-12 10:41:46,092 - INFO - Successfully wrote consolidated file to /Users/chadwalters/Library/Mobile Documents/com~apple~CloudDocs/_NovaConsolidatedMarkdown/output.md
